<?xml version="1.0" encoding="UTF-8"?>
<!-- Generated by org.testng.reporters.JUnitReportReporter -->
<testsuite skipped="2" hostname="Mir-PC" name="com.zoho.hybrid.SuiteA.LoginTest" tests="3" failures="0" timestamp="23 Sep 2019 23:39:54 GMT" time="0.018" errors="0">
  <testcase name="doLogin" time="0.003" classname="com.zoho.hybrid.SuiteA.LoginTest">
    <skipped/>
  </testcase> <!-- doLogin -->
  <testcase name="doLogin" time="0.015" classname="com.zoho.hybrid.SuiteA.LoginTest"/>
  <testcase name="doLogin" time="0.000" classname="com.zoho.hybrid.SuiteA.LoginTest">
    <skipped/>
  </testcase> <!-- doLogin -->
</testsuite> <!-- com.zoho.hybrid.SuiteA.LoginTest -->
