<?xml version="1.0" encoding="UTF-8"?>
<!-- Generated by org.testng.reporters.JUnitReportReporter -->
<testsuite skipped="0" hostname="Mir-PC" name="com.qtpselenium.core.ddf.base2.Browser" tests="1" failures="0" timestamp="07 Jul 2019 22:51:59 GMT" time="13.252" errors="0">
  <testcase name="openBrowser" time="13.252" classname="com.qtpselenium.core.ddf.base2.Browser"/>
</testsuite> <!-- com.qtpselenium.core.ddf.base2.Browser -->
